The system is: Darwin - 21.6.0 - arm64
Compiling the C compiler identification source file "CMakeCCompilerId.c" succeeded.
Compiler: /opt/homebrew/Cellar/llvm/15.0.3/bin/clang 
Build flags: 
Id flags:  

The output was:
0


Compilation of the C compiler identification source "CMakeCCompilerId.c" produced "a.out"

The C compiler identification is Clang, found in "/Users/justusmulthaup/soma_mod/build/CMakeFiles/3.24.2/CompilerIdC/a.out"

Detecting C compiler ABI info compiled with the following output:
Change Dir: /Users/justusmulthaup/soma_mod/build/CMakeFiles/CMakeTmp

Run Build Command(s):/usr/bin/make -f Makefile cmTC_0d99d/fast && /Library/Developer/CommandLineTools/usr/bin/make  -f CMakeFiles/cmTC_0d99d.dir/build.make CMakeFiles/cmTC_0d99d.dir/build
Building C object CMakeFiles/cmTC_0d99d.dir/CMakeCCompilerABI.c.o
/opt/homebrew/Cellar/llvm/15.0.3/bin/clang   -arch arm64 -isysroot /Library/Developer/CommandLineTools/SDKs/MacOSX13.0.sdk -mmacosx-version-min=12.5   -v -Wl,-v -MD -MT CMakeFiles/cmTC_0d99d.dir/CMakeCCompilerABI.c.o -MF CMakeFiles/cmTC_0d99d.dir/CMakeCCompilerABI.c.o.d -o CMakeFiles/cmTC_0d99d.dir/CMakeCCompilerABI.c.o -c /opt/homebrew/Cellar/cmake/3.24.2/share/cmake/Modules/CMakeCCompilerABI.c
Homebrew clang version 15.0.3
Target: arm64-apple-darwin21.6.0
Thread model: posix
InstalledDir: /opt/homebrew/Cellar/llvm/15.0.3/bin
clang-15: warning: -Wl,-v: 'linker' input unused [-Wunused-command-line-argument]
 (in-process)
 "/opt/homebrew/Cellar/llvm/15.0.3/bin/clang-15" -cc1 -triple arm64-apple-macosx12.5.0 -Wundef-prefix=TARGET_OS_ -Werror=undef-prefix -Wdeprecated-objc-isa-usage -Werror=deprecated-objc-isa-usage -emit-obj -mrelax-all --mrelax-relocations -disable-free -clear-ast-before-backend -disable-llvm-verifier -discard-value-names -main-file-name CMakeCCompilerABI.c -mrelocation-model pic -pic-level 2 -mframe-pointer=non-leaf -ffp-contract=on -fno-rounding-math -funwind-tables=2 -target-sdk-version=13.0 -fcompatibility-qualified-id-block-type-checking -fvisibility-inlines-hidden-static-local-var -target-cpu apple-m1 -target-feature +v8.5a -target-feature +crc -target-feature +lse -target-feature +rdm -target-feature +crypto -target-feature +dotprod -target-feature +fp-armv8 -target-feature +neon -target-feature +fp16fml -target-feature +ras -target-feature +rcpc -target-feature +zcm -target-feature +zcz -target-feature +fullfp16 -target-feature +sm4 -target-feature +sha3 -target-feature +sha2 -target-feature +aes -target-abi darwinpcs -fallow-half-arguments-and-returns -mllvm -treat-scalable-fixed-error-as-warning -debugger-tuning=lldb -target-linker-version 819.6 -v -fcoverage-compilation-dir=/Users/justusmulthaup/soma_mod/build/CMakeFiles/CMakeTmp -resource-dir /opt/homebrew/Cellar/llvm/15.0.3/lib/clang/15.0.3 -dependency-file CMakeFiles/cmTC_0d99d.dir/CMakeCCompilerABI.c.o.d -MT CMakeFiles/cmTC_0d99d.dir/CMakeCCompilerABI.c.o -sys-header-deps -isysroot /Library/Developer/CommandLineTools/SDKs/MacOSX13.0.sdk -internal-isystem /Library/Developer/CommandLineTools/SDKs/MacOSX13.0.sdk/usr/local/include -internal-isystem /opt/homebrew/Cellar/llvm/15.0.3/lib/clang/15.0.3/include -internal-externc-isystem /Library/Developer/CommandLineTools/SDKs/MacOSX13.0.sdk/usr/include -fdebug-compilation-dir=/Users/justusmulthaup/soma_mod/build/CMakeFiles/CMakeTmp -ferror-limit 19 -stack-protector 1 -fblocks -fencode-extended-block-signature -fregister-global-dtors-with-atexit -fgnuc-version=4.2.1 -fmax-type-align=16 -D__GCC_HAVE_DWARF2_CFI_ASM=1 -o CMakeFiles/cmTC_0d99d.dir/CMakeCCompilerABI.c.o -x c /opt/homebrew/Cellar/cmake/3.24.2/share/cmake/Modules/CMakeCCompilerABI.c
clang -cc1 version 15.0.3 based upon LLVM 15.0.3 default target arm64-apple-darwin21.6.0
ignoring nonexistent directory "/Library/Developer/CommandLineTools/SDKs/MacOSX13.0.sdk/usr/local/include"
ignoring nonexistent directory "/Library/Developer/CommandLineTools/SDKs/MacOSX13.0.sdk/Library/Frameworks"
#include "..." search starts here:
#include <...> search starts here:
 /opt/homebrew/Cellar/llvm/15.0.3/lib/clang/15.0.3/include
 /Library/Developer/CommandLineTools/SDKs/MacOSX13.0.sdk/usr/include
 /Library/Developer/CommandLineTools/SDKs/MacOSX13.0.sdk/System/Library/Frameworks (framework directory)
End of search list.
Linking C executable cmTC_0d99d
/opt/homebrew/Cellar/cmake/3.24.2/bin/cmake -E cmake_link_script CMakeFiles/cmTC_0d99d.dir/link.txt --verbose=1
/opt/homebrew/Cellar/llvm/15.0.3/bin/clang  -arch arm64 -isysroot /Library/Developer/CommandLineTools/SDKs/MacOSX13.0.sdk -mmacosx-version-min=12.5 -Wl,-search_paths_first -Wl,-headerpad_max_install_names  -v -Wl,-v CMakeFiles/cmTC_0d99d.dir/CMakeCCompilerABI.c.o -o cmTC_0d99d 
Homebrew clang version 15.0.3
Target: arm64-apple-darwin21.6.0
Thread model: posix
InstalledDir: /opt/homebrew/Cellar/llvm/15.0.3/bin
 "/usr/bin/ld" -demangle -lto_library /opt/homebrew/Cellar/llvm/15.0.3/lib/libLTO.dylib -dynamic -arch arm64 -platform_version macos 12.5.0 13.0 -syslibroot /Library/Developer/CommandLineTools/SDKs/MacOSX12.sdk -o cmTC_0d99d -search_paths_first -headerpad_max_install_names -v CMakeFiles/cmTC_0d99d.dir/CMakeCCompilerABI.c.o -lSystem /opt/homebrew/Cellar/llvm/15.0.3/lib/clang/15.0.3/lib/darwin/libclang_rt.osx.a
@(#)PROGRAM:ld  PROJECT:ld64-820.1
BUILD 18:42:42 Sep 11 2022
configured to support archs: armv6 armv7 armv7s arm64 arm64e arm64_32 i386 x86_64 x86_64h armv6m armv7k armv7m armv7em
Library search paths:
	/Library/Developer/CommandLineTools/SDKs/MacOSX12.sdk/usr/lib
Framework search paths:
	/Library/Developer/CommandLineTools/SDKs/MacOSX12.sdk/System/Library/Frameworks/



Parsed C implicit include dir info from above output: rv=done
  found start of include info
  found start of implicit include info
    add: [/opt/homebrew/Cellar/llvm/15.0.3/lib/clang/15.0.3/include]
    add: [/Library/Developer/CommandLineTools/SDKs/MacOSX13.0.sdk/usr/include]
  end of search list found
  collapse include dir [/opt/homebrew/Cellar/llvm/15.0.3/lib/clang/15.0.3/include] ==> [/opt/homebrew/Cellar/llvm/15.0.3/lib/clang/15.0.3/include]
  collapse include dir [/Library/Developer/CommandLineTools/SDKs/MacOSX13.0.sdk/usr/include] ==> [/Library/Developer/CommandLineTools/SDKs/MacOSX13.0.sdk/usr/include]
  implicit include dirs: [/opt/homebrew/Cellar/llvm/15.0.3/lib/clang/15.0.3/include;/Library/Developer/CommandLineTools/SDKs/MacOSX13.0.sdk/usr/include]


Parsed C implicit link information from above output:
  link line regex: [^( *|.*[/\])(ld\.lld|CMAKE_LINK_STARTFILE-NOTFOUND|([^/\]+-)?ld|collect2)[^/\]*( |$)]
  ignore line: [Change Dir: /Users/justusmulthaup/soma_mod/build/CMakeFiles/CMakeTmp]
  ignore line: []
  ignore line: [Run Build Command(s):/usr/bin/make -f Makefile cmTC_0d99d/fast && /Library/Developer/CommandLineTools/usr/bin/make  -f CMakeFiles/cmTC_0d99d.dir/build.make CMakeFiles/cmTC_0d99d.dir/build]
  ignore line: [Building C object CMakeFiles/cmTC_0d99d.dir/CMakeCCompilerABI.c.o]
  ignore line: [/opt/homebrew/Cellar/llvm/15.0.3/bin/clang   -arch arm64 -isysroot /Library/Developer/CommandLineTools/SDKs/MacOSX13.0.sdk -mmacosx-version-min=12.5   -v -Wl -v -MD -MT CMakeFiles/cmTC_0d99d.dir/CMakeCCompilerABI.c.o -MF CMakeFiles/cmTC_0d99d.dir/CMakeCCompilerABI.c.o.d -o CMakeFiles/cmTC_0d99d.dir/CMakeCCompilerABI.c.o -c /opt/homebrew/Cellar/cmake/3.24.2/share/cmake/Modules/CMakeCCompilerABI.c]
  ignore line: [Homebrew clang version 15.0.3]
  ignore line: [Target: arm64-apple-darwin21.6.0]
  ignore line: [Thread model: posix]
  ignore line: [InstalledDir: /opt/homebrew/Cellar/llvm/15.0.3/bin]
  ignore line: [clang-15: warning: -Wl -v: 'linker' input unused [-Wunused-command-line-argument]]
  ignore line: [ (in-process)]
  ignore line: [ "/opt/homebrew/Cellar/llvm/15.0.3/bin/clang-15" -cc1 -triple arm64-apple-macosx12.5.0 -Wundef-prefix=TARGET_OS_ -Werror=undef-prefix -Wdeprecated-objc-isa-usage -Werror=deprecated-objc-isa-usage -emit-obj -mrelax-all --mrelax-relocations -disable-free -clear-ast-before-backend -disable-llvm-verifier -discard-value-names -main-file-name CMakeCCompilerABI.c -mrelocation-model pic -pic-level 2 -mframe-pointer=non-leaf -ffp-contract=on -fno-rounding-math -funwind-tables=2 -target-sdk-version=13.0 -fcompatibility-qualified-id-block-type-checking -fvisibility-inlines-hidden-static-local-var -target-cpu apple-m1 -target-feature +v8.5a -target-feature +crc -target-feature +lse -target-feature +rdm -target-feature +crypto -target-feature +dotprod -target-feature +fp-armv8 -target-feature +neon -target-feature +fp16fml -target-feature +ras -target-feature +rcpc -target-feature +zcm -target-feature +zcz -target-feature +fullfp16 -target-feature +sm4 -target-feature +sha3 -target-feature +sha2 -target-feature +aes -target-abi darwinpcs -fallow-half-arguments-and-returns -mllvm -treat-scalable-fixed-error-as-warning -debugger-tuning=lldb -target-linker-version 819.6 -v -fcoverage-compilation-dir=/Users/justusmulthaup/soma_mod/build/CMakeFiles/CMakeTmp -resource-dir /opt/homebrew/Cellar/llvm/15.0.3/lib/clang/15.0.3 -dependency-file CMakeFiles/cmTC_0d99d.dir/CMakeCCompilerABI.c.o.d -MT CMakeFiles/cmTC_0d99d.dir/CMakeCCompilerABI.c.o -sys-header-deps -isysroot /Library/Developer/CommandLineTools/SDKs/MacOSX13.0.sdk -internal-isystem /Library/Developer/CommandLineTools/SDKs/MacOSX13.0.sdk/usr/local/include -internal-isystem /opt/homebrew/Cellar/llvm/15.0.3/lib/clang/15.0.3/include -internal-externc-isystem /Library/Developer/CommandLineTools/SDKs/MacOSX13.0.sdk/usr/include -fdebug-compilation-dir=/Users/justusmulthaup/soma_mod/build/CMakeFiles/CMakeTmp -ferror-limit 19 -stack-protector 1 -fblocks -fencode-extended-block-signature -fregister-global-dtors-with-atexit -fgnuc-version=4.2.1 -fmax-type-align=16 -D__GCC_HAVE_DWARF2_CFI_ASM=1 -o CMakeFiles/cmTC_0d99d.dir/CMakeCCompilerABI.c.o -x c /opt/homebrew/Cellar/cmake/3.24.2/share/cmake/Modules/CMakeCCompilerABI.c]
  ignore line: [clang -cc1 version 15.0.3 based upon LLVM 15.0.3 default target arm64-apple-darwin21.6.0]
  ignore line: [ignoring nonexistent directory "/Library/Developer/CommandLineTools/SDKs/MacOSX13.0.sdk/usr/local/include"]
  ignore line: [ignoring nonexistent directory "/Library/Developer/CommandLineTools/SDKs/MacOSX13.0.sdk/Library/Frameworks"]
  ignore line: [#include "..." search starts here:]
  ignore line: [#include <...> search starts here:]
  ignore line: [ /opt/homebrew/Cellar/llvm/15.0.3/lib/clang/15.0.3/include]
  ignore line: [ /Library/Developer/CommandLineTools/SDKs/MacOSX13.0.sdk/usr/include]
  ignore line: [ /Library/Developer/CommandLineTools/SDKs/MacOSX13.0.sdk/System/Library/Frameworks (framework directory)]
  ignore line: [End of search list.]
  ignore line: [Linking C executable cmTC_0d99d]
  ignore line: [/opt/homebrew/Cellar/cmake/3.24.2/bin/cmake -E cmake_link_script CMakeFiles/cmTC_0d99d.dir/link.txt --verbose=1]
  ignore line: [/opt/homebrew/Cellar/llvm/15.0.3/bin/clang  -arch arm64 -isysroot /Library/Developer/CommandLineTools/SDKs/MacOSX13.0.sdk -mmacosx-version-min=12.5 -Wl -search_paths_first -Wl -headerpad_max_install_names  -v -Wl -v CMakeFiles/cmTC_0d99d.dir/CMakeCCompilerABI.c.o -o cmTC_0d99d ]
  ignore line: [Homebrew clang version 15.0.3]
  ignore line: [Target: arm64-apple-darwin21.6.0]
  ignore line: [Thread model: posix]
  ignore line: [InstalledDir: /opt/homebrew/Cellar/llvm/15.0.3/bin]
  link line: [ "/usr/bin/ld" -demangle -lto_library /opt/homebrew/Cellar/llvm/15.0.3/lib/libLTO.dylib -dynamic -arch arm64 -platform_version macos 12.5.0 13.0 -syslibroot /Library/Developer/CommandLineTools/SDKs/MacOSX12.sdk -o cmTC_0d99d -search_paths_first -headerpad_max_install_names -v CMakeFiles/cmTC_0d99d.dir/CMakeCCompilerABI.c.o -lSystem /opt/homebrew/Cellar/llvm/15.0.3/lib/clang/15.0.3/lib/darwin/libclang_rt.osx.a]
    arg [/usr/bin/ld] ==> ignore
    arg [-demangle] ==> ignore
    arg [-lto_library] ==> ignore, skip following value
    arg [/opt/homebrew/Cellar/llvm/15.0.3/lib/libLTO.dylib] ==> skip value of -lto_library
    arg [-dynamic] ==> ignore
    arg [-arch] ==> ignore
    arg [arm64] ==> ignore
    arg [-platform_version] ==> ignore
    arg [macos] ==> ignore
    arg [12.5.0] ==> ignore
    arg [13.0] ==> ignore
    arg [-syslibroot] ==> ignore
    arg [/Library/Developer/CommandLineTools/SDKs/MacOSX12.sdk] ==> ignore
    arg [-o] ==> ignore
    arg [cmTC_0d99d] ==> ignore
    arg [-search_paths_first] ==> ignore
    arg [-headerpad_max_install_names] ==> ignore
    arg [-v] ==> ignore
    arg [CMakeFiles/cmTC_0d99d.dir/CMakeCCompilerABI.c.o] ==> ignore
    arg [-lSystem] ==> lib [System]
    arg [/opt/homebrew/Cellar/llvm/15.0.3/lib/clang/15.0.3/lib/darwin/libclang_rt.osx.a] ==> lib [/opt/homebrew/Cellar/llvm/15.0.3/lib/clang/15.0.3/lib/darwin/libclang_rt.osx.a]
  Library search paths: [;/Library/Developer/CommandLineTools/SDKs/MacOSX12.sdk/usr/lib]
  Framework search paths: [;/Library/Developer/CommandLineTools/SDKs/MacOSX12.sdk/System/Library/Frameworks/]
  remove lib [System]
  remove lib [/opt/homebrew/Cellar/llvm/15.0.3/lib/clang/15.0.3/lib/darwin/libclang_rt.osx.a]
  collapse library dir [/Library/Developer/CommandLineTools/SDKs/MacOSX12.sdk/usr/lib] ==> [/Library/Developer/CommandLineTools/SDKs/MacOSX12.sdk/usr/lib]
  collapse framework dir [/Library/Developer/CommandLineTools/SDKs/MacOSX12.sdk/System/Library/Frameworks/] ==> [/Library/Developer/CommandLineTools/SDKs/MacOSX12.sdk/System/Library/Frameworks]
  implicit libs: []
  implicit objs: []
  implicit dirs: [/Library/Developer/CommandLineTools/SDKs/MacOSX12.sdk/usr/lib]
  implicit fwks: [/Library/Developer/CommandLineTools/SDKs/MacOSX12.sdk/System/Library/Frameworks]


Detecting C OpenMP compiler ABI info compiled with the following output:
Change Dir: /Users/justusmulthaup/soma_mod/build/CMakeFiles/CMakeTmp

Run Build Command(s):/usr/bin/make -f Makefile cmTC_28298/fast && /Library/Developer/CommandLineTools/usr/bin/make  -f CMakeFiles/cmTC_28298.dir/build.make CMakeFiles/cmTC_28298.dir/build
Building C object CMakeFiles/cmTC_28298.dir/OpenMPTryFlag.c.o
/opt/homebrew/Cellar/llvm/15.0.3/bin/clang   -fopenmp=libomp -v -arch arm64 -isysroot /Library/Developer/CommandLineTools/SDKs/MacOSX13.0.sdk -mmacosx-version-min=12.5 -MD -MT CMakeFiles/cmTC_28298.dir/OpenMPTryFlag.c.o -MF CMakeFiles/cmTC_28298.dir/OpenMPTryFlag.c.o.d -o CMakeFiles/cmTC_28298.dir/OpenMPTryFlag.c.o -c /Users/justusmulthaup/soma_mod/build/CMakeFiles/FindOpenMP/OpenMPTryFlag.c
Homebrew clang version 15.0.3
Target: arm64-apple-darwin21.6.0
Thread model: posix
InstalledDir: /opt/homebrew/Cellar/llvm/15.0.3/bin
 (in-process)
 "/opt/homebrew/Cellar/llvm/15.0.3/bin/clang-15" -cc1 -triple arm64-apple-macosx12.5.0 -Wundef-prefix=TARGET_OS_ -Werror=undef-prefix -Wdeprecated-objc-isa-usage -Werror=deprecated-objc-isa-usage -emit-obj -mrelax-all --mrelax-relocations -disable-free -clear-ast-before-backend -disable-llvm-verifier -discard-value-names -main-file-name OpenMPTryFlag.c -mrelocation-model pic -pic-level 2 -mframe-pointer=non-leaf -ffp-contract=on -fno-rounding-math -funwind-tables=2 -target-sdk-version=13.0 -fcompatibility-qualified-id-block-type-checking -fvisibility-inlines-hidden-static-local-var -target-cpu apple-m1 -target-feature +v8.5a -target-feature +crc -target-feature +lse -target-feature +rdm -target-feature +crypto -target-feature +dotprod -target-feature +fp-armv8 -target-feature +neon -target-feature +fp16fml -target-feature +ras -target-feature +rcpc -target-feature +zcm -target-feature +zcz -target-feature +fullfp16 -target-feature +sm4 -target-feature +sha3 -target-feature +sha2 -target-feature +aes -target-abi darwinpcs -fallow-half-arguments-and-returns -mllvm -treat-scalable-fixed-error-as-warning -debugger-tuning=lldb -target-linker-version 819.6 -v -fcoverage-compilation-dir=/Users/justusmulthaup/soma_mod/build/CMakeFiles/CMakeTmp -resource-dir /opt/homebrew/Cellar/llvm/15.0.3/lib/clang/15.0.3 -dependency-file CMakeFiles/cmTC_28298.dir/OpenMPTryFlag.c.o.d -MT CMakeFiles/cmTC_28298.dir/OpenMPTryFlag.c.o -sys-header-deps -isysroot /Library/Developer/CommandLineTools/SDKs/MacOSX13.0.sdk -internal-isystem /Library/Developer/CommandLineTools/SDKs/MacOSX13.0.sdk/usr/local/include -internal-isystem /opt/homebrew/Cellar/llvm/15.0.3/lib/clang/15.0.3/include -internal-externc-isystem /Library/Developer/CommandLineTools/SDKs/MacOSX13.0.sdk/usr/include -fdebug-compilation-dir=/Users/justusmulthaup/soma_mod/build/CMakeFiles/CMakeTmp -ferror-limit 19 -fopenmp -stack-protector 1 -fblocks -fencode-extended-block-signature -fregister-global-dtors-with-atexit -fgnuc-version=4.2.1 -fmax-type-align=16 -D__GCC_HAVE_DWARF2_CFI_ASM=1 -o CMakeFiles/cmTC_28298.dir/OpenMPTryFlag.c.o -x c /Users/justusmulthaup/soma_mod/build/CMakeFiles/FindOpenMP/OpenMPTryFlag.c
clang -cc1 version 15.0.3 based upon LLVM 15.0.3 default target arm64-apple-darwin21.6.0
ignoring nonexistent directory "/Library/Developer/CommandLineTools/SDKs/MacOSX13.0.sdk/usr/local/include"
ignoring nonexistent directory "/Library/Developer/CommandLineTools/SDKs/MacOSX13.0.sdk/Library/Frameworks"
#include "..." search starts here:
#include <...> search starts here:
 /opt/homebrew/Cellar/llvm/15.0.3/lib/clang/15.0.3/include
 /Library/Developer/CommandLineTools/SDKs/MacOSX13.0.sdk/usr/include
 /Library/Developer/CommandLineTools/SDKs/MacOSX13.0.sdk/System/Library/Frameworks (framework directory)
End of search list.
Linking C executable cmTC_28298
/opt/homebrew/Cellar/cmake/3.24.2/bin/cmake -E cmake_link_script CMakeFiles/cmTC_28298.dir/link.txt --verbose=1
/opt/homebrew/Cellar/llvm/15.0.3/bin/clang   -fopenmp=libomp -v -arch arm64 -isysroot /Library/Developer/CommandLineTools/SDKs/MacOSX13.0.sdk -mmacosx-version-min=12.5 -Wl,-search_paths_first -Wl,-headerpad_max_install_names CMakeFiles/cmTC_28298.dir/OpenMPTryFlag.c.o -o cmTC_28298  -v -Wl,-v 
Homebrew clang version 15.0.3
Target: arm64-apple-darwin21.6.0
Thread model: posix
InstalledDir: /opt/homebrew/Cellar/llvm/15.0.3/bin
 "/usr/bin/ld" -demangle -lto_library /opt/homebrew/Cellar/llvm/15.0.3/lib/libLTO.dylib -dynamic -arch arm64 -platform_version macos 12.5.0 13.0 -syslibroot /Library/Developer/CommandLineTools/SDKs/MacOSX12.sdk -o cmTC_28298 -search_paths_first -headerpad_max_install_names CMakeFiles/cmTC_28298.dir/OpenMPTryFlag.c.o -v -lomp -rpath /opt/homebrew/Cellar/llvm/15.0.3/lib -L/opt/homebrew/Cellar/llvm/15.0.3/lib -lSystem /opt/homebrew/Cellar/llvm/15.0.3/lib/clang/15.0.3/lib/darwin/libclang_rt.osx.a
@(#)PROGRAM:ld  PROJECT:ld64-820.1
BUILD 18:42:42 Sep 11 2022
configured to support archs: armv6 armv7 armv7s arm64 arm64e arm64_32 i386 x86_64 x86_64h armv6m armv7k armv7m armv7em
Library search paths:
	/opt/homebrew/Cellar/llvm/15.0.3/lib
	/Library/Developer/CommandLineTools/SDKs/MacOSX12.sdk/usr/lib
Framework search paths:
	/Library/Developer/CommandLineTools/SDKs/MacOSX12.sdk/System/Library/Frameworks/



Parsed C OpenMP implicit link information from above output:
  link line regex: [^( *|.*[/\])(ld\.lld|CMAKE_LINK_STARTFILE-NOTFOUND|([^/\]+-)?ld|collect2)[^/\]*( |$)]
  ignore line: [Change Dir: /Users/justusmulthaup/soma_mod/build/CMakeFiles/CMakeTmp]
  ignore line: []
  ignore line: [Run Build Command(s):/usr/bin/make -f Makefile cmTC_28298/fast && /Library/Developer/CommandLineTools/usr/bin/make  -f CMakeFiles/cmTC_28298.dir/build.make CMakeFiles/cmTC_28298.dir/build]
  ignore line: [Building C object CMakeFiles/cmTC_28298.dir/OpenMPTryFlag.c.o]
  ignore line: [/opt/homebrew/Cellar/llvm/15.0.3/bin/clang   -fopenmp=libomp -v -arch arm64 -isysroot /Library/Developer/CommandLineTools/SDKs/MacOSX13.0.sdk -mmacosx-version-min=12.5 -MD -MT CMakeFiles/cmTC_28298.dir/OpenMPTryFlag.c.o -MF CMakeFiles/cmTC_28298.dir/OpenMPTryFlag.c.o.d -o CMakeFiles/cmTC_28298.dir/OpenMPTryFlag.c.o -c /Users/justusmulthaup/soma_mod/build/CMakeFiles/FindOpenMP/OpenMPTryFlag.c]
  ignore line: [Homebrew clang version 15.0.3]
  ignore line: [Target: arm64-apple-darwin21.6.0]
  ignore line: [Thread model: posix]
  ignore line: [InstalledDir: /opt/homebrew/Cellar/llvm/15.0.3/bin]
  ignore line: [ (in-process)]
  ignore line: [ "/opt/homebrew/Cellar/llvm/15.0.3/bin/clang-15" -cc1 -triple arm64-apple-macosx12.5.0 -Wundef-prefix=TARGET_OS_ -Werror=undef-prefix -Wdeprecated-objc-isa-usage -Werror=deprecated-objc-isa-usage -emit-obj -mrelax-all --mrelax-relocations -disable-free -clear-ast-before-backend -disable-llvm-verifier -discard-value-names -main-file-name OpenMPTryFlag.c -mrelocation-model pic -pic-level 2 -mframe-pointer=non-leaf -ffp-contract=on -fno-rounding-math -funwind-tables=2 -target-sdk-version=13.0 -fcompatibility-qualified-id-block-type-checking -fvisibility-inlines-hidden-static-local-var -target-cpu apple-m1 -target-feature +v8.5a -target-feature +crc -target-feature +lse -target-feature +rdm -target-feature +crypto -target-feature +dotprod -target-feature +fp-armv8 -target-feature +neon -target-feature +fp16fml -target-feature +ras -target-feature +rcpc -target-feature +zcm -target-feature +zcz -target-feature +fullfp16 -target-feature +sm4 -target-feature +sha3 -target-feature +sha2 -target-feature +aes -target-abi darwinpcs -fallow-half-arguments-and-returns -mllvm -treat-scalable-fixed-error-as-warning -debugger-tuning=lldb -target-linker-version 819.6 -v -fcoverage-compilation-dir=/Users/justusmulthaup/soma_mod/build/CMakeFiles/CMakeTmp -resource-dir /opt/homebrew/Cellar/llvm/15.0.3/lib/clang/15.0.3 -dependency-file CMakeFiles/cmTC_28298.dir/OpenMPTryFlag.c.o.d -MT CMakeFiles/cmTC_28298.dir/OpenMPTryFlag.c.o -sys-header-deps -isysroot /Library/Developer/CommandLineTools/SDKs/MacOSX13.0.sdk -internal-isystem /Library/Developer/CommandLineTools/SDKs/MacOSX13.0.sdk/usr/local/include -internal-isystem /opt/homebrew/Cellar/llvm/15.0.3/lib/clang/15.0.3/include -internal-externc-isystem /Library/Developer/CommandLineTools/SDKs/MacOSX13.0.sdk/usr/include -fdebug-compilation-dir=/Users/justusmulthaup/soma_mod/build/CMakeFiles/CMakeTmp -ferror-limit 19 -fopenmp -stack-protector 1 -fblocks -fencode-extended-block-signature -fregister-global-dtors-with-atexit -fgnuc-version=4.2.1 -fmax-type-align=16 -D__GCC_HAVE_DWARF2_CFI_ASM=1 -o CMakeFiles/cmTC_28298.dir/OpenMPTryFlag.c.o -x c /Users/justusmulthaup/soma_mod/build/CMakeFiles/FindOpenMP/OpenMPTryFlag.c]
  ignore line: [clang -cc1 version 15.0.3 based upon LLVM 15.0.3 default target arm64-apple-darwin21.6.0]
  ignore line: [ignoring nonexistent directory "/Library/Developer/CommandLineTools/SDKs/MacOSX13.0.sdk/usr/local/include"]
  ignore line: [ignoring nonexistent directory "/Library/Developer/CommandLineTools/SDKs/MacOSX13.0.sdk/Library/Frameworks"]
  ignore line: [#include "..." search starts here:]
  ignore line: [#include <...> search starts here:]
  ignore line: [ /opt/homebrew/Cellar/llvm/15.0.3/lib/clang/15.0.3/include]
  ignore line: [ /Library/Developer/CommandLineTools/SDKs/MacOSX13.0.sdk/usr/include]
  ignore line: [ /Library/Developer/CommandLineTools/SDKs/MacOSX13.0.sdk/System/Library/Frameworks (framework directory)]
  ignore line: [End of search list.]
  ignore line: [Linking C executable cmTC_28298]
  ignore line: [/opt/homebrew/Cellar/cmake/3.24.2/bin/cmake -E cmake_link_script CMakeFiles/cmTC_28298.dir/link.txt --verbose=1]
  ignore line: [/opt/homebrew/Cellar/llvm/15.0.3/bin/clang   -fopenmp=libomp -v -arch arm64 -isysroot /Library/Developer/CommandLineTools/SDKs/MacOSX13.0.sdk -mmacosx-version-min=12.5 -Wl -search_paths_first -Wl -headerpad_max_install_names CMakeFiles/cmTC_28298.dir/OpenMPTryFlag.c.o -o cmTC_28298  -v -Wl -v ]
  ignore line: [Homebrew clang version 15.0.3]
  ignore line: [Target: arm64-apple-darwin21.6.0]
  ignore line: [Thread model: posix]
  ignore line: [InstalledDir: /opt/homebrew/Cellar/llvm/15.0.3/bin]
  link line: [ "/usr/bin/ld" -demangle -lto_library /opt/homebrew/Cellar/llvm/15.0.3/lib/libLTO.dylib -dynamic -arch arm64 -platform_version macos 12.5.0 13.0 -syslibroot /Library/Developer/CommandLineTools/SDKs/MacOSX12.sdk -o cmTC_28298 -search_paths_first -headerpad_max_install_names CMakeFiles/cmTC_28298.dir/OpenMPTryFlag.c.o -v -lomp -rpath /opt/homebrew/Cellar/llvm/15.0.3/lib -L/opt/homebrew/Cellar/llvm/15.0.3/lib -lSystem /opt/homebrew/Cellar/llvm/15.0.3/lib/clang/15.0.3/lib/darwin/libclang_rt.osx.a]
    arg [/usr/bin/ld] ==> ignore
    arg [-demangle] ==> ignore
    arg [-lto_library] ==> ignore, skip following value
    arg [/opt/homebrew/Cellar/llvm/15.0.3/lib/libLTO.dylib] ==> skip value of -lto_library
    arg [-dynamic] ==> ignore
    arg [-arch] ==> ignore
    arg [arm64] ==> ignore
    arg [-platform_version] ==> ignore
    arg [macos] ==> ignore
    arg [12.5.0] ==> ignore
    arg [13.0] ==> ignore
    arg [-syslibroot] ==> ignore
    arg [/Library/Developer/CommandLineTools/SDKs/MacOSX12.sdk] ==> ignore
    arg [-o] ==> ignore
    arg [cmTC_28298] ==> ignore
    arg [-search_paths_first] ==> ignore
    arg [-headerpad_max_install_names] ==> ignore
    arg [CMakeFiles/cmTC_28298.dir/OpenMPTryFlag.c.o] ==> ignore
    arg [-v] ==> ignore
    arg [-lomp] ==> lib [omp]
    arg [-rpath] ==> ignore
    arg [/opt/homebrew/Cellar/llvm/15.0.3/lib] ==> ignore
    arg [-L/opt/homebrew/Cellar/llvm/15.0.3/lib] ==> dir [/opt/homebrew/Cellar/llvm/15.0.3/lib]
    arg [-lSystem] ==> lib [System]
    arg [/opt/homebrew/Cellar/llvm/15.0.3/lib/clang/15.0.3/lib/darwin/libclang_rt.osx.a] ==> lib [/opt/homebrew/Cellar/llvm/15.0.3/lib/clang/15.0.3/lib/darwin/libclang_rt.osx.a]
  Library search paths: [;/opt/homebrew/Cellar/llvm/15.0.3/lib;/Library/Developer/CommandLineTools/SDKs/MacOSX12.sdk/usr/lib]
  Framework search paths: [;/Library/Developer/CommandLineTools/SDKs/MacOSX12.sdk/System/Library/Frameworks/]
  remove lib [System]
  remove lib [/opt/homebrew/Cellar/llvm/15.0.3/lib/clang/15.0.3/lib/darwin/libclang_rt.osx.a]
  collapse library dir [/opt/homebrew/Cellar/llvm/15.0.3/lib] ==> [/opt/homebrew/Cellar/llvm/15.0.3/lib]
  collapse library dir [/opt/homebrew/Cellar/llvm/15.0.3/lib] ==> [/opt/homebrew/Cellar/llvm/15.0.3/lib]
  collapse library dir [/Library/Developer/CommandLineTools/SDKs/MacOSX12.sdk/usr/lib] ==> [/Library/Developer/CommandLineTools/SDKs/MacOSX12.sdk/usr/lib]
  collapse framework dir [/Library/Developer/CommandLineTools/SDKs/MacOSX12.sdk/System/Library/Frameworks/] ==> [/Library/Developer/CommandLineTools/SDKs/MacOSX12.sdk/System/Library/Frameworks]
  implicit libs: [omp]
  implicit objs: []
  implicit dirs: [/opt/homebrew/Cellar/llvm/15.0.3/lib;/Library/Developer/CommandLineTools/SDKs/MacOSX12.sdk/usr/lib]
  implicit fwks: [/Library/Developer/CommandLineTools/SDKs/MacOSX12.sdk/System/Library/Frameworks]


